c:\users\administrator\desktop\my_calculator\my_calculator\my_calculator\x64\debug\vc143.pdb
c:\users\administrator\desktop\my_calculator\my_calculator\my_calculator\x64\debug\vc143.idb
c:\users\administrator\desktop\my_calculator\my_calculator\my_calculator\x64\debug\calculatortest.obj
c:\users\administrator\desktop\my_calculator\my_calculator\my_calculator\x64\debug\subtractoperation.obj
c:\users\administrator\desktop\my_calculator\my_calculator\my_calculator\x64\debug\multiplyoperation.obj
c:\users\administrator\desktop\my_calculator\my_calculator\my_calculator\x64\debug\main.obj
c:\users\administrator\desktop\my_calculator\my_calculator\my_calculator\x64\debug\divideoperation.obj
c:\users\administrator\desktop\my_calculator\my_calculator\my_calculator\x64\debug\calculator.obj
c:\users\administrator\desktop\my_calculator\my_calculator\my_calculator\x64\debug\addoperation.obj
c:\users\administrator\desktop\my_calculator\my_calculator\x64\debug\my_calculator.pdb
c:\users\administrator\desktop\my_calculator\my_calculator\my_calculator\x64\debug\my_calculator.tlog\cl.command.1.tlog
c:\users\administrator\desktop\my_calculator\my_calculator\my_calculator\x64\debug\my_calculator.tlog\cl.read.1.tlog
c:\users\administrator\desktop\my_calculator\my_calculator\my_calculator\x64\debug\my_calculator.tlog\cl.write.1.tlog
c:\users\administrator\desktop\my_calculator\my_calculator\my_calculator\x64\debug\my_calculator.tlog\link-cvtres.read.1.tlog
c:\users\administrator\desktop\my_calculator\my_calculator\my_calculator\x64\debug\my_calculator.tlog\link-cvtres.write.1.tlog
c:\users\administrator\desktop\my_calculator\my_calculator\my_calculator\x64\debug\my_calculator.tlog\link-rc.read.1.tlog
c:\users\administrator\desktop\my_calculator\my_calculator\my_calculator\x64\debug\my_calculator.tlog\link-rc.write.1.tlog
c:\users\administrator\desktop\my_calculator\my_calculator\my_calculator\x64\debug\my_calculator.tlog\link.command.1.tlog
c:\users\administrator\desktop\my_calculator\my_calculator\my_calculator\x64\debug\my_calculator.tlog\link.read.1.tlog
c:\users\administrator\desktop\my_calculator\my_calculator\my_calculator\x64\debug\my_calculator.tlog\link.read.2.tlog
c:\users\administrator\desktop\my_calculator\my_calculator\my_calculator\x64\debug\my_calculator.tlog\link.write.1.tlog
